Change Component Comment : Designator=D4 Old Comment=LED_Green New Comment=LED_Orange
Change Component Comment : Designator=D3 Old Comment=LED_Orange New Comment=LED_Green
Change component parameters: Designator = "D3" ("D3"); Footprint = "LED_0805"; UniqueID = "\MMCBTVDF" ("\MMCBTVDF")
Change component parameters (AddParameter): Name = "BHK_Group"; Value = "Public_PCB"; VariantName = "[No Variations]"
Change component parameters (AddParameter): Name = "BHK_Name"; Value = "Green"; VariantName = "[No Variations]"
Change component parameters (AddParameter): Name = "BHK_NC"; Value = "no"; VariantName = "[No Variations]"
Change component parameters (AddParameter): Name = "BHK_SUB_Group"; Value = "LED_805"; VariantName = "[No Variations]"
Change component parameters (AddParameter): Name = "Chip Technology"; Value = "InGaN"; VariantName = "[No Variations]"
Change component parameters (AddParameter): Name = "ComponentLink1Description"; Value = "Manufacturer"; VariantName = "[No Variations]"
Change component parameters (AddParameter): Name = "ComponentLink1URL"; Value = "http://www.we-online.de"; VariantName = "[No Variations]"
Change component parameters (AddParameter): Name = "ComponentLink2Description"; Value = "Datasheet"; VariantName = "[No Variations]"
Change component parameters (AddParameter): Name = "ComponentLink2URL"; Value = "https://katalog.we-online.de/led/datasheet/150080GS75000.pdf"; VariantName = "[No Variations]"
Change component parameters (AddParameter): Name = "Dominant Wavelength"; Value = "525 nm"; VariantName = "[No Variations]"
Change component parameters (AddParameter): Name = "Emitting Color"; Value = "Green"; VariantName = "[No Variations]"
Change component parameters (AddParameter): Name = "Forward Voltage"; Value = "3.2 V"; VariantName = "[No Variations]"
Change component parameters (AddParameter): Name = "Luminous Intensity"; Value = "450 mcd"; VariantName = "[No Variations]"
Change component parameters (AddParameter): Name = "Mounting Technology"; Value = "SMT"; VariantName = "[No Variations]"
Change component parameters (AddParameter): Name = "Operating Temperature"; Value = "-40 to 85 degC"; VariantName = "[No Variations]"
Change component parameters (AddParameter): Name = "Packaging"; Value = "Tape and Reel"; VariantName = "[No Variations]"
Change component parameters (AddParameter): Name = "Part Number"; Value = "150080GS75000"; VariantName = "[No Variations]"
Change component parameters (AddParameter): Name = "Peak Wavelength"; Value = "515 nm"; VariantName = "[No Variations]"
Change component parameters (AddParameter): Name = "Published Date"; Value = "November 2018"; VariantName = "[No Variations]"
Change component parameters (AddParameter): Name = "Publisher"; Value = "Wurth Elektronik"; VariantName = "[No Variations]"
Change component parameters (AddParameter): Name = "Size"; Value = "0805"; VariantName = "[No Variations]"
Change component parameters (AddParameter): Name = "Viewing Angle"; Value = "140 deg"; VariantName = "[No Variations]"
Change component parameters: Designator = "D4" ("D4"); Footprint = "LED_0805"; UniqueID = "\NWPOLOIJ" ("\NWPOLOIJ")
Change component parameters (AddParameter): Name = "BHK_Group"; Value = "Public_PCB"; VariantName = "[No Variations]"
Change component parameters (AddParameter): Name = "BHK_Name"; Value = "Orange"; VariantName = "[No Variations]"
Change component parameters (AddParameter): Name = "BHK_NC"; Value = "no"; VariantName = "[No Variations]"
Change component parameters (AddParameter): Name = "BHK_SUB_Group"; Value = "LED_805"; VariantName = "[No Variations]"
Change component parameters (AddParameter): Name = "Chip Technology"; Value = "AlInGaP"; VariantName = "[No Variations]"
Change component parameters (AddParameter): Name = "ComponentLink1Description"; Value = "Manufacturer"; VariantName = "[No Variations]"
Change component parameters (AddParameter): Name = "ComponentLink1URL"; Value = "http://www.we-online.de"; VariantName = "[No Variations]"
Change component parameters (AddParameter): Name = "ComponentLink2Description"; Value = "Datasheet"; VariantName = "[No Variations]"
Change component parameters (AddParameter): Name = "ComponentLink2URL"; Value = "https://katalog.we-online.de/led/datasheet/150080AS75000.pdf"; VariantName = "[No Variations]"
Change component parameters (AddParameter): Name = "Dominant Wavelength"; Value = "605 nm"; VariantName = "[No Variations]"
Change component parameters (AddParameter): Name = "Emitting Color"; Value = "Amber"; VariantName = "[No Variations]"
Change component parameters (AddParameter): Name = "Forward Voltage"; Value = "2 V"; VariantName = "[No Variations]"
Change component parameters (AddParameter): Name = "Luminous Intensity"; Value = "130 mcd"; VariantName = "[No Variations]"
Change component parameters (AddParameter): Name = "Mounting Technology"; Value = "SMT"; VariantName = "[No Variations]"
Change component parameters (AddParameter): Name = "Operating Temperature"; Value = "-40 to 85 degC"; VariantName = "[No Variations]"
Change component parameters (AddParameter): Name = "Packaging"; Value = "Tape and Reel"; VariantName = "[No Variations]"
Change component parameters (AddParameter): Name = "Part Number"; Value = "150080AS75000"; VariantName = "[No Variations]"
Change component parameters (AddParameter): Name = "Peak Wavelength"; Value = "610 nm"; VariantName = "[No Variations]"
Change component parameters (AddParameter): Name = "Published Date"; Value = "November 2018"; VariantName = "[No Variations]"
Change component parameters (AddParameter): Name = "Publisher"; Value = "Wurth Elektronik"; VariantName = "[No Variations]"
Change component parameters (AddParameter): Name = "Size"; Value = "0805"; VariantName = "[No Variations]"
Change component parameters (AddParameter): Name = "Viewing Angle"; Value = "140 deg"; VariantName = "[No Variations]"
Added Member To Class: ClassName=Station-Link-Sch Member=Component R8 1.5K
Added Member To Class: ClassName=Station-Link-Sch Member=Component R9 1.5K
