Removed Pin From Net: NetName=NetC5_2 Pin=C5-2
Removed Pin From Net: NetName=NetC6_2 Pin=C6-2
Removed Pin From Net: NetName=Dorji config Sw2 Pin=P1-9
Removed Pin From Net: NetName=Dorji TX Pin=U2-1
Removed Pin From Net: NetName=Dorji RX Pin=U2-5
Removed Pin From Net: NetName=Dorji config Sw2 Pin=U3-1
Removed Pin From Net: NetName=Ublox TX Pin=U4-1
Removed Pin From Net: NetName=Ublox RX Pin=U4-5
Removed Pin From Net: NetName=Dorji config Sw2 Pin=U5-1
Change Component Comment : Designator=C2 Old Comment=0.1uF New Comment=6.8uF
Change Component Comment : Designator=C3 Old Comment=0.1uF New Comment=6.8uF
Change Component Comment : Designator=R1 Old Comment=10K New Comment=1.5k
Change component parameters: Designator = "C2" ("C2"); Footprint = "C0805"; UniqueID = "\CTNNKFEU" ("\CTNNKFEU")
Change component parameters (AddParameter): Name = "BHK_Group"; Value = "Capacitor"; VariantName = "[No Variations]"
Change component parameters (AddParameter): Name = "BHK_Name"; Value = "6.8uF"; VariantName = "[No Variations]"
Change component parameters (AddParameter): Name = "BHK_NC"; Value = "no"; VariantName = "[No Variations]"
Change component parameters (AddParameter): Name = "BHK_SUB_Group"; Value = "C_805"; VariantName = "[No Variations]"
Change component parameters (AddParameter): Name = "Data"; Value = "16-12-2016"; VariantName = "[No Variations]"
Change component parameters (AddParameter): Name = "Desc."; Value = "CAP SMD 0805"; VariantName = "[No Variations]"
Change component parameters (AddParameter): Name = "Designer"; Value = "Abbas Basereh"; VariantName = "[No Variations]"
Change component parameters: Designator = "C3" ("C3"); Footprint = "C0805"; UniqueID = "\KOTEJGHD" ("\KOTEJGHD")
Change component parameters (AddParameter): Name = "BHK_Group"; Value = "Capacitor"; VariantName = "[No Variations]"
Change component parameters (AddParameter): Name = "BHK_Name"; Value = "6.8uF"; VariantName = "[No Variations]"
Change component parameters (AddParameter): Name = "BHK_NC"; Value = "no"; VariantName = "[No Variations]"
Change component parameters (AddParameter): Name = "BHK_SUB_Group"; Value = "C_805"; VariantName = "[No Variations]"
Change component parameters (AddParameter): Name = "Data"; Value = "16-12-2016"; VariantName = "[No Variations]"
Change component parameters (AddParameter): Name = "Desc."; Value = "CAP SMD 0805"; VariantName = "[No Variations]"
Change component parameters (AddParameter): Name = "Designer"; Value = "Abbas Basereh"; VariantName = "[No Variations]"
Change component parameters: Designator = "R1" ("R1"); Footprint = "R0805"; UniqueID = "\MBZAMREN" ("\MBZAMREN")
Change component parameters (AddParameter): Name = "BHK_Group"; Value = "Resistor"; VariantName = "[No Variations]"
Change component parameters (AddParameter): Name = "BHK_Name"; Value = "1.5k"; VariantName = "[No Variations]"
Change component parameters (AddParameter): Name = "BHK_NC"; Value = "no"; VariantName = "[No Variations]"
Change component parameters (AddParameter): Name = "BHK_SUB_Group"; Value = "R_805"; VariantName = "[No Variations]"
Change component parameters (AddParameter): Name = "Data"; Value = "16-12-2016"; VariantName = "[No Variations]"
Change component parameters (AddParameter): Name = "Desc."; Value = "RES SMD 0805"; VariantName = "[No Variations]"
Change component parameters (AddParameter): Name = "Designer"; Value = "Abbas Basereh"; VariantName = "[No Variations]"
Added Component: Designator=C7(C0805)
Add component (AddParameter): Name = "BHK_Group"; Value = "Capacitor"; VariantName = "[No Variations]"
Add component (AddParameter): Name = "BHK_Name"; Value = "0.1uF"; VariantName = "[No Variations]"
Add component (AddParameter): Name = "BHK_NC"; Value = "no"; VariantName = "[No Variations]"
Add component (AddParameter): Name = "BHK_SUB_Group"; Value = "C_805"; VariantName = "[No Variations]"
Add component (AddParameter): Name = "Data"; Value = "16-12-2016"; VariantName = "[No Variations]"
Add component (AddParameter): Name = "Desc."; Value = "CAP SMD 0805"; VariantName = "[No Variations]"
Add component (AddParameter): Name = "Designer"; Value = "Abbas Basereh"; VariantName = "[No Variations]"
Added Component: Designator=C8(C0805)
Add component (AddParameter): Name = "BHK_Group"; Value = "Capacitor"; VariantName = "[No Variations]"
Add component (AddParameter): Name = "BHK_Name"; Value = "0.1uF"; VariantName = "[No Variations]"
Add component (AddParameter): Name = "BHK_NC"; Value = "no"; VariantName = "[No Variations]"
Add component (AddParameter): Name = "BHK_SUB_Group"; Value = "C_805"; VariantName = "[No Variations]"
Add component (AddParameter): Name = "Data"; Value = "16-12-2016"; VariantName = "[No Variations]"
Add component (AddParameter): Name = "Desc."; Value = "CAP SMD 0805"; VariantName = "[No Variations]"
Add component (AddParameter): Name = "Designer"; Value = "Abbas Basereh"; VariantName = "[No Variations]"
Added Component: Designator=C9(C0805)
Add component (AddParameter): Name = "BHK_Group"; Value = "Capacitor"; VariantName = "[No Variations]"
Add component (AddParameter): Name = "BHK_Name"; Value = "0.1uF"; VariantName = "[No Variations]"
Add component (AddParameter): Name = "BHK_NC"; Value = "no"; VariantName = "[No Variations]"
Add component (AddParameter): Name = "BHK_SUB_Group"; Value = "C_805"; VariantName = "[No Variations]"
Add component (AddParameter): Name = "Data"; Value = "16-12-2016"; VariantName = "[No Variations]"
Add component (AddParameter): Name = "Desc."; Value = "CAP SMD 0805"; VariantName = "[No Variations]"
Add component (AddParameter): Name = "Designer"; Value = "Abbas Basereh"; VariantName = "[No Variations]"
Added Component: Designator=C10(C0805)
Add component (AddParameter): Name = "BHK_Group"; Value = "Capacitor"; VariantName = "[No Variations]"
Add component (AddParameter): Name = "BHK_Name"; Value = "0.1uF"; VariantName = "[No Variations]"
Add component (AddParameter): Name = "BHK_NC"; Value = "no"; VariantName = "[No Variations]"
Add component (AddParameter): Name = "BHK_SUB_Group"; Value = "C_805"; VariantName = "[No Variations]"
Add component (AddParameter): Name = "Data"; Value = "16-12-2016"; VariantName = "[No Variations]"
Add component (AddParameter): Name = "Desc."; Value = "CAP SMD 0805"; VariantName = "[No Variations]"
Add component (AddParameter): Name = "Designer"; Value = "Abbas Basereh"; VariantName = "[No Variations]"
Added Component: Designator=L2(IND_HZ0805G471R-10)
Add component (AddParameter): Name = "Check_prices"; Value = "https://www.snapeda.com/parts/HZ0805G471R-10/Laird-Signal+Integrity+Products/view-part/?ref=eda"; VariantName = "[No Variations]"
Add component (AddParameter): Name = "MF"; Value = "Laird-Signal Integrity"; VariantName = "[No Variations]"
Add component (AddParameter): Name = "MP"; Value = "HZ0805G471R-10"; VariantName = "[No Variations]"
Add component (AddParameter): Name = "Package"; Value = "0805 Laird"; VariantName = "[No Variations]"
Add component (AddParameter): Name = "SnapEDA_Link"; Value = "https://www.snapeda.com/parts/HZ0805G471R-10/Laird-Signal+Integrity+Products/view-part/?ref=snap"; VariantName = "[No Variations]"
Add component (AddParameter): Name = "Value"; Value = ""; VariantName = "[No Variations]"
Added Component: Designator=L3(IND_HZ0805G471R-10)
Add component (AddParameter): Name = "Check_prices"; Value = "https://www.snapeda.com/parts/HZ0805G471R-10/Laird-Signal+Integrity+Products/view-part/?ref=eda"; VariantName = "[No Variations]"
Add component (AddParameter): Name = "MF"; Value = "Laird-Signal Integrity"; VariantName = "[No Variations]"
Add component (AddParameter): Name = "MP"; Value = "HZ0805G471R-10"; VariantName = "[No Variations]"
Add component (AddParameter): Name = "Package"; Value = "0805 Laird"; VariantName = "[No Variations]"
Add component (AddParameter): Name = "SnapEDA_Link"; Value = "https://www.snapeda.com/parts/HZ0805G471R-10/Laird-Signal+Integrity+Products/view-part/?ref=snap"; VariantName = "[No Variations]"
Add component (AddParameter): Name = "Value"; Value = ""; VariantName = "[No Variations]"
Added Component: Designator=R12(R0805)
Add component (AddParameter): Name = "BHK_Group"; Value = "Resistor"; VariantName = "[No Variations]"
Add component (AddParameter): Name = "BHK_Name"; Value = "4.7K"; VariantName = "[No Variations]"
Add component (AddParameter): Name = "BHK_NC"; Value = "no"; VariantName = "[No Variations]"
Add component (AddParameter): Name = "BHK_SUB_Group"; Value = "R_805"; VariantName = "[No Variations]"
Add component (AddParameter): Name = "Data"; Value = "16-12-2016"; VariantName = "[No Variations]"
Add component (AddParameter): Name = "Desc."; Value = "RES SMD 0805"; VariantName = "[No Variations]"
Add component (AddParameter): Name = "Designer"; Value = "Abbas Basereh"; VariantName = "[No Variations]"
Added Component: Designator=R13(R0805)
Add component (AddParameter): Name = "BHK_Group"; Value = "Resistor"; VariantName = "[No Variations]"
Add component (AddParameter): Name = "BHK_Name"; Value = "10K"; VariantName = "[No Variations]"
Add component (AddParameter): Name = "BHK_NC"; Value = "no"; VariantName = "[No Variations]"
Add component (AddParameter): Name = "BHK_SUB_Group"; Value = "R_805"; VariantName = "[No Variations]"
Add component (AddParameter): Name = "Data"; Value = "16-12-2016"; VariantName = "[No Variations]"
Add component (AddParameter): Name = "Desc."; Value = "RES SMD 0805"; VariantName = "[No Variations]"
Add component (AddParameter): Name = "Designer"; Value = "Abbas Basereh"; VariantName = "[No Variations]"
Added Component: Designator=R14(R0805)
Add component (AddParameter): Name = "BHK_Group"; Value = "Resistor"; VariantName = "[No Variations]"
Add component (AddParameter): Name = "BHK_Name"; Value = "4.7K"; VariantName = "[No Variations]"
Add component (AddParameter): Name = "BHK_NC"; Value = "no"; VariantName = "[No Variations]"
Add component (AddParameter): Name = "BHK_SUB_Group"; Value = "R_805"; VariantName = "[No Variations]"
Add component (AddParameter): Name = "Data"; Value = "16-12-2016"; VariantName = "[No Variations]"
Add component (AddParameter): Name = "Desc."; Value = "RES SMD 0805"; VariantName = "[No Variations]"
Add component (AddParameter): Name = "Designer"; Value = "Abbas Basereh"; VariantName = "[No Variations]"
Added Component: Designator=R15(R0805)
Add component (AddParameter): Name = "BHK_Group"; Value = "Resistor"; VariantName = "[No Variations]"
Add component (AddParameter): Name = "BHK_Name"; Value = "10K"; VariantName = "[No Variations]"
Add component (AddParameter): Name = "BHK_NC"; Value = "no"; VariantName = "[No Variations]"
Add component (AddParameter): Name = "BHK_SUB_Group"; Value = "R_805"; VariantName = "[No Variations]"
Add component (AddParameter): Name = "Data"; Value = "16-12-2016"; VariantName = "[No Variations]"
Add component (AddParameter): Name = "Desc."; Value = "RES SMD 0805"; VariantName = "[No Variations]"
Add component (AddParameter): Name = "Designer"; Value = "Abbas Basereh"; VariantName = "[No Variations]"
Added Pin To Net: NetName=Dorji config Sw2 Pin=C7-1
Added Pin To Net: NetName=Dorji power Sw2 Pin=C7-2
Added Pin To Net: NetName=Dorji config Sw2 Pin=C8-1
Added Pin To Net: NetName=Dorji power Sw1 Pin=C8-2
Added Pin To Net: NetName=Dorji config Sw2 Pin=C9-1
Added Pin To Net: NetName=NetC5_2 Pin=C9-2
Added Pin To Net: NetName=Dorji config Sw2 Pin=C10-1
Added Pin To Net: NetName=NetC6_2 Pin=C10-2
Added Pin To Net: NetName=Dorji config Sw2 Pin=L2-2
Added Pin To Net: NetName=Dorji config Sw2 Pin=L3-2
Added Pin To Net: NetName=Dorji USB VCC Pin=R12-1
Added Pin To Net: NetName=Dorji config Sw2 Pin=R13-2
Added Pin To Net: NetName=Ublox USB VCC Pin=R14-1
Added Pin To Net: NetName=Dorji config Sw2 Pin=R15-2
Added Pin To Net: NetName=Dorji RX Pin=U2-1
Added Pin To Net: NetName=NetC5_2 Pin=U2-4
Added Pin To Net: NetName=Dorji TX Pin=U2-5
Added Pin To Net: NetName=Ublox RX Pin=U4-1
Added Pin To Net: NetName=NetC6_2 Pin=U4-4
Added Pin To Net: NetName=Ublox TX Pin=U4-5
Change Net Name : Old Net Name=Dorji config Sw2 New Net Name=Dorji USB GND
Change Net Name : Old Net Name=NetC5_2 New Net Name=NetC9_2
Change Net Name : Old Net Name=NetC6_2 New Net Name=NetC10_2
Added Pin To Net: NetName=NetC5_2 Pin=C5-2
Added Pin To Net: NetName=NetC5_2 Pin=U2-17
Added Net: Name=NetC5_2
Added Pin To Net: NetName=NetC6_2 Pin=C6-2
Added Pin To Net: NetName=NetC6_2 Pin=U4-17
Added Net: Name=NetC6_2
Added Pin To Net: NetName=NetL2_1 Pin=L2-1
Added Pin To Net: NetName=NetL2_1 Pin=U3-1
Added Net: Name=NetL2_1
Added Pin To Net: NetName=NetL3_1 Pin=L3-1
Added Pin To Net: NetName=NetL3_1 Pin=U5-1
Added Net: Name=NetL3_1
Added Pin To Net: NetName=NetR12_2 Pin=R12-2
Added Pin To Net: NetName=NetR12_2 Pin=R13-1
Added Pin To Net: NetName=NetR12_2 Pin=U2-19
Added Net: Name=NetR12_2
Added Pin To Net: NetName=NetR14_2 Pin=R14-2
Added Pin To Net: NetName=NetR14_2 Pin=R15-1
Added Pin To Net: NetName=NetR14_2 Pin=U4-19
Added Net: Name=NetR14_2
Added Pin To Net: NetName=RTS SET Pin=U2-3
Added Pin To Net: NetName=RTS SET Pin=U3-8
Added Net: Name=RTS SET
Added Pin To Net: NetName=VCC Pin=C4-1
Added Pin To Net: NetName=VCC Pin=P1-1
Added Pin To Net: NetName=VCC Pin=U1-7
Added Net: Name=VCC
Added Member To Class: ClassName=Station-Link-Sch Member=Component C7 0.1uF
Added Member To Class: ClassName=Station-Link-Sch Member=Component C8 0.1uF
Added Member To Class: ClassName=Station-Link-Sch Member=Component C9 0.1uF
Added Member To Class: ClassName=Station-Link-Sch Member=Component C10 0.1uF
Added Member To Class: ClassName=Station-Link-Sch Member=Component D2 LED_Orange
Added Member To Class: ClassName=Station-Link-Sch Member=Component L2 HZ0805G471R-10
Added Member To Class: ClassName=Station-Link-Sch Member=Component L3 HZ0805G471R-10
Added Member To Class: ClassName=Station-Link-Sch Member=Component R12 4.7K
Added Member To Class: ClassName=Station-Link-Sch Member=Component R13 10K
Added Member To Class: ClassName=Station-Link-Sch Member=Component R14 4.7K
Added Member To Class: ClassName=Station-Link-Sch Member=Component R15 10K
